<?xml version="1.0" encoding="UTF-8"?>
<!-- Generated by org.testng.reporters.JUnitXMLReporter -->
<testsuite hostname="DESKTOP-DUFVKRL" name="Test" tests="2" failures="1" timestamp="22 Jan 2019 06:14:53 GMT" time="3.662" errors="0">
  <testcase name="getLoginHome" time="0.574" classname="com.erin.easyhrp.testcase.login"/>
  <testcase name="login" time="0.294" classname="com.erin.easyhrp.testcase.login">
    <failure type="java.lang.ArrayIndexOutOfBoundsException" message="1">
      <![CDATA[java.lang.ArrayIndexOutOfBoundsException: 1
	at com.erin.easyhrp.base.BasePage.KeyElement(BasePage.java:30)
	at com.erin.easyhrp.page.loginPage.getLoginBtn(loginPage.java:31)
	at com.erin.easyhrp.handle.loginPageHandle.clickLoginBtn(loginPageHandle.java:31)
	at com.erin.easyhrp.business.LoginPro.login(LoginPro.java:15)
	at com.erin.easyhrp.testcase.login.login(login.java:31)
... Removed 24 stack frames]]>
    </failure>
  </testcase> <!-- login -->
</testsuite> <!-- Test -->
