<?xml version="1.0" encoding="UTF-8"?>
<testng-results skipped="0" failed="0" total="2" passed="2">
  <reporter-output>
  </reporter-output>
  <suite name="Suite" duration-ms="3945" started-at="2019-01-22T06:37:35Z" finished-at="2019-01-22T06:37:39Z">
    <groups>
    </groups>
    <test name="Test" duration-ms="3945" started-at="2019-01-22T06:37:35Z" finished-at="2019-01-22T06:37:39Z">
      <class name="com.erin.easyhrp.testcase.login">
        <test-method status="PASS" signature="loginTest()[pri:0, instance:com.erin.easyhrp.testcase.login@531be3c5]" name="loginTest" is-config="true" duration-ms="2933" started-at="2019-01-22T14:37:35Z" finished-at="2019-01-22T14:37:38Z">
          <reporter-output>
          </reporter-output>
        </test-method> <!-- loginTest -->
        <test-method status="PASS" signature="getLoginHome()[pri:0, instance:com.erin.easyhrp.testcase.login@531be3c5]" name="getLoginHome" duration-ms="609" started-at="2019-01-22T14:37:38Z" finished-at="2019-01-22T14:37:39Z">
          <reporter-output>
          </reporter-output>
        </test-method> <!-- getLoginHome -->
        <test-method status="PASS" signature="login(java.lang.String, java.lang.String)[pri:0, instance:com.erin.easyhrp.testcase.login@531be3c5]" name="login" duration-ms="393" started-at="2019-01-22T14:37:39Z" depends-on-methods="com.erin.easyhrp.testcase.login.getLoginHome" finished-at="2019-01-22T14:37:39Z">
          <params>
            <param index="0">
              <value>
                <![CDATA[ywm]]>
              </value>
            </param>
            <param index="1">
              <value>
                <![CDATA[123456]]>
              </value>
            </param>
          </params>
          <reporter-output>
          </reporter-output>
        </test-method> <!-- login -->
      </class> <!-- com.erin.easyhrp.testcase.login -->
    </test> <!-- Test -->
  </suite> <!-- Suite -->
</testng-results>
