<?xml version="1.0" encoding="UTF-8"?>
<testng-results skipped="0" failed="0" total="2" passed="2">
  <reporter-output>
  </reporter-output>
  <suite name="Default suite" duration-ms="5964" started-at="2019-01-22T07:00:44Z" finished-at="2019-01-22T07:00:50Z">
    <groups>
    </groups>
    <test name="Default test" duration-ms="5964" started-at="2019-01-22T07:00:44Z" finished-at="2019-01-22T07:00:50Z">
      <class name="com.erin.easyhrp.testcase.login">
        <test-method status="PASS" signature="loginTest()[pri:0, instance:com.erin.easyhrp.testcase.login@204f30ec]" name="loginTest" is-config="true" duration-ms="2870" started-at="2019-01-22T15:00:44Z" finished-at="2019-01-22T15:00:47Z">
          <reporter-output>
          </reporter-output>
        </test-method> <!-- loginTest -->
        <test-method status="PASS" signature="getLoginHome()[pri:0, instance:com.erin.easyhrp.testcase.login@204f30ec]" name="getLoginHome" duration-ms="568" started-at="2019-01-22T15:00:47Z" finished-at="2019-01-22T15:00:47Z">
          <reporter-output>
          </reporter-output>
        </test-method> <!-- getLoginHome -->
        <test-method status="PASS" signature="login()[pri:0, instance:com.erin.easyhrp.testcase.login@204f30ec]" name="login" duration-ms="413" started-at="2019-01-22T15:00:47Z" depends-on-methods="com.erin.easyhrp.testcase.login.getLoginHome" finished-at="2019-01-22T15:00:48Z">
          <reporter-output>
          </reporter-output>
        </test-method> <!-- login -->
        <test-method status="PASS" signature="after()[pri:0, instance:com.erin.easyhrp.testcase.login@204f30ec]" name="after" is-config="true" duration-ms="2099" started-at="2019-01-22T15:00:48Z" finished-at="2019-01-22T15:00:50Z">
          <reporter-output>
          </reporter-output>
        </test-method> <!-- after -->
      </class> <!-- com.erin.easyhrp.testcase.login -->
    </test> <!-- Default test -->
  </suite> <!-- Default suite -->
</testng-results>
